Determining if the pthread_create exist failed with the following output:
Change Dir: /home/hegerdes/Dropbox/Andere Shares/C++/Blatt03/Henrik/build/CMakeFiles/CMakeTmp

Run Build Command:"/usr/bin/make" "cmTC_ab739/fast"
make[1]: Entering directory '/home/hegerdes/Dropbox/Andere Shares/C++/Blatt03/Henrik/build/CMakeFiles/CMakeTmp'
/usr/bin/make -f CMakeFiles/cmTC_ab739.dir/build.make CMakeFiles/cmTC_ab739.dir/build
make[2]: Entering directory '/home/hegerdes/Dropbox/Andere Shares/C++/Blatt03/Henrik/build/CMakeFiles/CMakeTmp'
Building C object CMakeFiles/cmTC_ab739.dir/CheckSymbolExists.c.o
/usr/bin/cc     -o CMakeFiles/cmTC_ab739.dir/CheckSymbolExists.c.o   -c "/home/hegerdes/Dropbox/Andere Shares/C++/Blatt03/Henrik/build/CMakeFiles/CMakeTmp/CheckSymbolExists.c"
Linking C executable cmTC_ab739
/usr/bin/cmake -E cmake_link_script CMakeFiles/cmTC_ab739.dir/link.txt --verbose=1
/usr/bin/cc       CMakeFiles/cmTC_ab739.dir/CheckSymbolExists.c.o  -o cmTC_ab739 -rdynamic 
CMakeFiles/cmTC_ab739.dir/CheckSymbolExists.c.o: In function `main':
CheckSymbolExists.c:(.text+0x1b): undefined reference to `pthread_create'
collect2: error: ld returned 1 exit status
CMakeFiles/cmTC_ab739.dir/build.make:97: recipe for target 'cmTC_ab739' failed
make[2]: *** [cmTC_ab739] Error 1
make[2]: Leaving directory '/home/hegerdes/Dropbox/Andere Shares/C++/Blatt03/Henrik/build/CMakeFiles/CMakeTmp'
Makefile:126: recipe for target 'cmTC_ab739/fast' failed
make[1]: *** [cmTC_ab739/fast] Error 2
make[1]: Leaving directory '/home/hegerdes/Dropbox/Andere Shares/C++/Blatt03/Henrik/build/CMakeFiles/CMakeTmp'

File /home/hegerdes/Dropbox/Andere Shares/C++/Blatt03/Henrik/build/CMakeFiles/CMakeTmp/CheckSymbolExists.c:
/* */
#include <pthread.h>

int main(int argc, char** argv)
{
  (void)argv;
#ifndef pthread_create
  return ((int*)(&pthread_create))[argc];
#else
  (void)argc;
  return 0;
#endif
}

Determining if the function pthread_create exists in the pthreads failed with the following output:
Change Dir: /home/hegerdes/Dropbox/Andere Shares/C++/Blatt03/Henrik/build/CMakeFiles/CMakeTmp

Run Build Command:"/usr/bin/make" "cmTC_49fc3/fast"
make[1]: Entering directory '/home/hegerdes/Dropbox/Andere Shares/C++/Blatt03/Henrik/build/CMakeFiles/CMakeTmp'
/usr/bin/make -f CMakeFiles/cmTC_49fc3.dir/build.make CMakeFiles/cmTC_49fc3.dir/build
make[2]: Entering directory '/home/hegerdes/Dropbox/Andere Shares/C++/Blatt03/Henrik/build/CMakeFiles/CMakeTmp'
Building C object CMakeFiles/cmTC_49fc3.dir/CheckFunctionExists.c.o
/usr/bin/cc    -DCHECK_FUNCTION_EXISTS=pthread_create   -o CMakeFiles/cmTC_49fc3.dir/CheckFunctionExists.c.o   -c /usr/share/cmake-3.7/Modules/CheckFunctionExists.c
Linking C executable cmTC_49fc3
/usr/bin/cmake -E cmake_link_script CMakeFiles/cmTC_49fc3.dir/link.txt --verbose=1
/usr/bin/cc   -DCHECK_FUNCTION_EXISTS=pthread_create    CMakeFiles/cmTC_49fc3.dir/CheckFunctionExists.c.o  -o cmTC_49fc3 -rdynamic -lpthreads 
/usr/bin/ld: cannot find -lpthreads
collect2: error: ld returned 1 exit status
CMakeFiles/cmTC_49fc3.dir/build.make:97: recipe for target 'cmTC_49fc3' failed
make[2]: *** [cmTC_49fc3] Error 1
make[2]: Leaving directory '/home/hegerdes/Dropbox/Andere Shares/C++/Blatt03/Henrik/build/CMakeFiles/CMakeTmp'
Makefile:126: recipe for target 'cmTC_49fc3/fast' failed
make[1]: *** [cmTC_49fc3/fast] Error 2
make[1]: Leaving directory '/home/hegerdes/Dropbox/Andere Shares/C++/Blatt03/Henrik/build/CMakeFiles/CMakeTmp'


